{"/Users/spitfire/Projects/node-cers-tv/src/index.ts": {"path":"/Users/spitfire/Projects/node-cers-tv/src/index.ts","statementMap":{"0":{"start":{"line":3,"column":0},"end":{"line":3,"column":31}},"1":{"start":{"line":5,"column":0},"end":{"line":5,"column":37}},"2":{"start":{"line":9,"column":0},"end":{"line":9,"column":null}},"3":{"start":{"line":10,"column":1},"end":{"line":10,"column":null}},"4":{"start":{"line":11,"column":1},"end":{"line":11,"column":null}},"5":{"start":{"line":12,"column":1},"end":{"line":12,"column":null}},"6":{"start":{"line":13,"column":1},"end":{"line":13,"column":null}},"7":{"start":{"line":14,"column":1},"end":{"line":14,"column":null}},"8":{"start":{"line":15,"column":1},"end":{"line":15,"column":null}},"9":{"start":{"line":16,"column":1},"end":{"line":16,"column":null}},"10":{"start":{"line":17,"column":1},"end":{"line":17,"column":null}},"11":{"start":{"line":18,"column":1},"end":{"line":18,"column":null}},"12":{"start":{"line":19,"column":1},"end":{"line":19,"column":null}},"13":{"start":{"line":20,"column":1},"end":{"line":20,"column":null}},"14":{"start":{"line":21,"column":1},"end":{"line":21,"column":null}},"15":{"start":{"line":22,"column":1},"end":{"line":22,"column":null}},"16":{"start":{"line":23,"column":1},"end":{"line":23,"column":null}},"17":{"start":{"line":24,"column":1},"end":{"line":24,"column":null}},"18":{"start":{"line":25,"column":1},"end":{"line":25,"column":null}},"19":{"start":{"line":26,"column":1},"end":{"line":26,"column":null}},"20":{"start":{"line":27,"column":1},"end":{"line":27,"column":null}},"21":{"start":{"line":28,"column":1},"end":{"line":28,"column":null}},"22":{"start":{"line":29,"column":1},"end":{"line":29,"column":null}},"23":{"start":{"line":30,"column":1},"end":{"line":30,"column":null}},"24":{"start":{"line":31,"column":1},"end":{"line":31,"column":null}},"25":{"start":{"line":32,"column":1},"end":{"line":32,"column":null}},"26":{"start":{"line":33,"column":1},"end":{"line":33,"column":null}},"27":{"start":{"line":34,"column":1},"end":{"line":34,"column":null}},"28":{"start":{"line":35,"column":1},"end":{"line":35,"column":null}},"29":{"start":{"line":36,"column":1},"end":{"line":36,"column":null}},"30":{"start":{"line":39,"column":19},"end":{"line":41,"column":1}},"31":{"start":{"line":40,"column":2},"end":{"line":40,"column":48}},"32":{"start":{"line":44,"column":20},"end":{"line":44,"column":48}},"33":{"start":{"line":46,"column":20},"end":{"line":46,"column":38}},"34":{"start":{"line":60,"column":11},"end":{"line":68,"column":4}},"35":{"start":{"line":61,"column":23},"end":{"line":61,"column":78}},"36":{"start":{"line":63,"column":4},"end":{"line":63,"column":53}},"37":{"start":{"line":63,"column":20},"end":{"line":63,"column":53}},"38":{"start":{"line":64,"column":4},"end":{"line":64,"column":66}},"39":{"start":{"line":64,"column":26},"end":{"line":64,"column":66}},"40":{"start":{"line":65,"column":2},"end":{"line":65,"column":null}},"41":{"start":{"line":65,"column":43},"end":{"line":65,"column":null}},"42":{"start":{"line":66,"column":4},"end":{"line":66,"column":53}},"43":{"start":{"line":66,"column":20},"end":{"line":66,"column":53}},"44":{"start":{"line":67,"column":4},"end":{"line":67,"column":85}},"45":{"start":{"line":67,"column":45},"end":{"line":67,"column":85}},"46":{"start":{"line":70,"column":11},"end":{"line":86,"column":null}},"47":{"start":{"line":70,"column":70},"end":{"line":86,"column":null}},"48":{"start":{"line":71,"column":16},"end":{"line":71,"column":73}},"49":{"start":{"line":72,"column":32},"end":{"line":74,"column":null}},"50":{"start":{"line":75,"column":2},"end":{"line":75,"column":45}},"51":{"start":{"line":75,"column":25},"end":{"line":75,"column":45}},"52":{"start":{"line":77,"column":2},"end":{"line":83,"column":4}},"53":{"start":{"line":85,"column":4},"end":{"line":85,"column":37}},"54":{"start":{"line":88,"column":1},"end":{"line":96,"column":null}},"55":{"start":{"line":88,"column":23},"end":{"line":96,"column":null}},"56":{"start":{"line":89,"column":15},"end":{"line":93,"column":4}},"57":{"start":{"line":95,"column":2},"end":{"line":95,"column":77}},"58":{"start":{"line":98,"column":1},"end":{"line":100,"column":3}},"59":{"start":{"line":98,"column":35},"end":{"line":100,"column":3}},"60":{"start":{"line":99,"column":2},"end":{"line":99,"column":67}},"61":{"start":{"line":102,"column":1},"end":{"line":127,"column":null}},"62":{"start":{"line":102,"column":43},"end":{"line":127,"column":null}},"63":{"start":{"line":104,"column":14},"end":{"line":110,"column":30}},"64":{"start":{"line":112,"column":2},"end":{"line":112,"column":19}},"65":{"start":{"line":126,"column":2},"end":{"line":126,"column":48}},"66":{"start":{"line":51,"column":2},"end":{"line":51,"column":20}},"67":{"start":{"line":52,"column":2},"end":{"line":52,"column":32}},"68":{"start":{"line":53,"column":2},"end":{"line":53,"column":20}},"69":{"start":{"line":54,"column":2},"end":{"line":54,"column":44}},"70":{"start":{"line":54,"column":26},"end":{"line":54,"column":44}},"71":{"start":{"line":55,"column":2},"end":{"line":55,"column":56}},"72":{"start":{"line":55,"column":30},"end":{"line":55,"column":56}},"73":{"start":{"line":57,"column":2},"end":{"line":57,"column":19}},"74":{"start":{"line":132,"column":9},"end":{"line":132,"column":21}}},"fnMap":{"0":{"name":"(anonymous_7)","decl":{"start":{"line":9,"column":0},"end":{"line":9,"column":5}},"loc":{"start":{"line":9,"column":12},"end":{"line":37,"column":1}}},"1":{"name":"(anonymous_8)","decl":{"start":{"line":39,"column":19},"end":{"line":39,"column":20}},"loc":{"start":{"line":39,"column":32},"end":{"line":41,"column":1}}},"2":{"name":"(anonymous_9)","decl":{"start":{"line":50,"column":1},"end":{"line":50,"column":13}},"loc":{"start":{"line":50,"column":90},"end":{"line":58,"column":2}}},"3":{"name":"(anonymous_10)","decl":{"start":{"line":60,"column":23},"end":{"line":60,"column":26}},"loc":{"start":{"line":60,"column":28},"end":{"line":68,"column":3}}},"4":{"name":"(anonymous_11)","decl":{"start":{"line":70,"column":19},"end":{"line":70,"column":26}},"loc":{"start":{"line":70,"column":70},"end":{"line":86,"column":null}}},"5":{"name":"(anonymous_12)","decl":{"start":{"line":70,"column":70},"end":{"line":70,"column":null}},"loc":{"start":{"line":70,"column":70},"end":{"line":86,"column":3}}},"6":{"name":"(anonymous_13)","decl":{"start":{"line":88,"column":12},"end":{"line":88,"column":21}},"loc":{"start":{"line":88,"column":23},"end":{"line":96,"column":null}}},"7":{"name":"(anonymous_14)","decl":{"start":{"line":88,"column":23},"end":{"line":88,"column":null}},"loc":{"start":{"line":88,"column":23},"end":{"line":96,"column":2}}},"8":{"name":"(anonymous_15)","decl":{"start":{"line":98,"column":24},"end":{"line":98,"column":33}},"loc":{"start":{"line":98,"column":35},"end":{"line":100,"column":3}}},"9":{"name":"(anonymous_16)","decl":{"start":{"line":98,"column":35},"end":{"line":98,"column":null}},"loc":{"start":{"line":98,"column":35},"end":{"line":100,"column":2}}},"10":{"name":"(anonymous_17)","decl":{"start":{"line":102,"column":17},"end":{"line":102,"column":24}},"loc":{"start":{"line":102,"column":43},"end":{"line":127,"column":null}}},"11":{"name":"(anonymous_18)","decl":{"start":{"line":102,"column":43},"end":{"line":102,"column":null}},"loc":{"start":{"line":102,"column":43},"end":{"line":127,"column":2}}}},"branchMap":{"0":{"loc":{"start":{"line":9,"column":5},"end":{"line":9,"column":null}},"type":"binary-expr","locations":[{"start":{"line":9,"column":5},"end":{"line":9,"column":12}},{"start":{"line":9,"column":5},"end":{"line":9,"column":null}}]},"1":{"loc":{"start":{"line":63,"column":4},"end":{"line":63,"column":53}},"type":"if","locations":[{"start":{"line":63,"column":4},"end":{"line":63,"column":53}}]},"2":{"loc":{"start":{"line":64,"column":4},"end":{"line":64,"column":66}},"type":"if","locations":[{"start":{"line":64,"column":4},"end":{"line":64,"column":66}}]},"3":{"loc":{"start":{"line":65,"column":2},"end":{"line":65,"column":null}},"type":"if","locations":[{"start":{"line":65,"column":2},"end":{"line":65,"column":null}}]},"4":{"loc":{"start":{"line":66,"column":4},"end":{"line":66,"column":53}},"type":"if","locations":[{"start":{"line":66,"column":4},"end":{"line":66,"column":53}}]},"5":{"loc":{"start":{"line":67,"column":4},"end":{"line":67,"column":85}},"type":"if","locations":[{"start":{"line":67,"column":4},"end":{"line":67,"column":85}}]},"6":{"loc":{"start":{"line":67,"column":7},"end":{"line":67,"column":43}},"type":"binary-expr","locations":[{"start":{"line":67,"column":7},"end":{"line":67,"column":21}},{"start":{"line":67,"column":25},"end":{"line":67,"column":43}}]},"7":{"loc":{"start":{"line":75,"column":2},"end":{"line":75,"column":45}},"type":"if","locations":[{"start":{"line":75,"column":2},"end":{"line":75,"column":45}}]},"8":{"loc":{"start":{"line":54,"column":2},"end":{"line":54,"column":44}},"type":"if","locations":[{"start":{"line":54,"column":2},"end":{"line":54,"column":44}}]},"9":{"loc":{"start":{"line":55,"column":2},"end":{"line":55,"column":56}},"type":"if","locations":[{"start":{"line":55,"column":2},"end":{"line":55,"column":56}}]}},"s":{"0":1,"1":1,"2":1,"3":1,"4":1,"5":1,"6":1,"7":1,"8":1,"9":1,"10":1,"11":1,"12":1,"13":1,"14":1,"15":1,"16":1,"17":1,"18":1,"19":1,"20":1,"21":1,"22":1,"23":1,"24":1,"25":1,"26":1,"27":1,"28":1,"29":1,"30":1,"31":0,"32":8,"33":8,"34":8,"35":8,"36":8,"37":1,"38":7,"39":1,"40":6,"41":2,"42":4,"43":0,"44":4,"45":2,"46":8,"47":0,"48":0,"49":0,"50":0,"51":0,"52":0,"53":0,"54":8,"55":0,"56":0,"57":0,"58":8,"59":0,"60":0,"61":8,"62":0,"63":0,"64":0,"65":0,"66":8,"67":8,"68":8,"69":8,"70":3,"71":8,"72":2,"73":8,"74":1},"f":{"0":1,"1":0,"2":8,"3":8,"4":0,"5":0,"6":0,"7":0,"8":0,"9":0,"10":0,"11":0},"b":{"0":[1,1],"1":[1],"2":[1],"3":[2],"4":[0],"5":[2],"6":[4,3],"7":[0],"8":[3],"9":[2]}}
}
