TN:
SF:src/index.ts
FN:9,(anonymous_7)
FN:39,(anonymous_8)
FN:50,(anonymous_9)
FN:60,(anonymous_10)
FN:70,(anonymous_11)
FN:70,(anonymous_12)
FN:88,(anonymous_13)
FN:88,(anonymous_14)
FN:98,(anonymous_15)
FN:98,(anonymous_16)
FN:102,(anonymous_17)
FN:102,(anonymous_18)
FNF:12
FNH:3
FNDA:1,(anonymous_7)
FNDA:0,(anonymous_8)
FNDA:8,(anonymous_9)
FNDA:8,(anonymous_10)
FNDA:0,(anonymous_11)
FNDA:0,(anonymous_12)
FNDA:0,(anonymous_13)
FNDA:0,(anonymous_14)
FNDA:0,(anonymous_15)
FNDA:0,(anonymous_16)
FNDA:0,(anonymous_17)
FNDA:0,(anonymous_18)
DA:3,1
DA:5,1
DA:9,1
DA:10,1
DA:11,1
DA:12,1
DA:13,1
DA:14,1
DA:15,1
DA:16,1
DA:17,1
DA:18,1
DA:19,1
DA:20,1
DA:21,1
DA:22,1
DA:23,1
DA:24,1
DA:25,1
DA:26,1
DA:27,1
DA:28,1
DA:29,1
DA:30,1
DA:31,1
DA:32,1
DA:33,1
DA:34,1
DA:35,1
DA:36,1
DA:39,1
DA:40,0
DA:44,8
DA:46,8
DA:51,8
DA:52,8
DA:53,8
DA:54,8
DA:55,8
DA:57,8
DA:60,8
DA:61,8
DA:63,8
DA:64,7
DA:65,6
DA:66,4
DA:67,4
DA:70,8
DA:71,0
DA:72,0
DA:75,0
DA:77,0
DA:85,0
DA:88,8
DA:89,0
DA:95,0
DA:98,8
DA:99,0
DA:102,8
DA:104,0
DA:112,0
DA:126,0
DA:132,1
LF:63
LH:51
BRDA:9,0,0,1
BRDA:9,0,1,1
BRDA:63,1,0,1
BRDA:64,2,0,1
BRDA:65,3,0,2
BRDA:66,4,0,0
BRDA:67,5,0,2
BRDA:67,6,0,4
BRDA:67,6,1,3
BRDA:75,7,0,0
BRDA:54,8,0,3
BRDA:55,9,0,2
BRF:12
BRH:10
end_of_record
